<?xml version="1.0" encoding="utf-8"?><testsuites name="pytest tests"><testsuite name="pytest" errors="0" failures="0" skipped="0" tests="17" time="5.783" timestamp="2026-03-09T08:13:18.485042+00:00" hostname="agent-env-dc727305-f34e-453b-bb9d-88c876034ccd"><testcase classname="backend.tests.test_yepez_api.TestHealthAndAuth" name="test_api_root" time="0.159" /><testcase classname="backend.tests.test_yepez_api.TestHealthAndAuth" name="test_admin_login_success" time="0.335" /><testcase classname="backend.tests.test_yepez_api.TestHealthAndAuth" name="test_login_invalid_credentials" time="0.109" /><testcase classname="backend.tests.test_yepez_api.TestDashboard" name="test_dashboard_stats" time="0.442" /><testcase classname="backend.tests.test_yepez_api.TestDashboard" name="test_dashboard_charts" time="0.427" /><testcase classname="backend.tests.test_yepez_api.TestInventory" name="test_get_inventory" time="0.458" /><testcase classname="backend.tests.test_yepez_api.TestInventory" name="test_get_low_stock" time="0.434" /><testcase classname="backend.tests.test_yepez_api.TestPayments" name="test_get_payments" time="0.418" /><testcase classname="backend.tests.test_yepez_api.TestServices" name="test_get_services" time="0.416" /><testcase classname="backend.tests.test_yepez_api.TestMechanics" name="test_get_mechanics" time="0.422" /><testcase classname="backend.tests.test_yepez_api.TestWeeklyCut" name="test_check_saturday" time="0.100" /><testcase classname="backend.tests.test_yepez_api.TestWeeklyCut" name="test_get_weekly_cuts" time="0.448" /><testcase classname="backend.tests.test_yepez_api.TestReports" name="test_sales_export" time="0.441" /><testcase classname="backend.tests.test_yepez_api.TestReports" name="test_inventory_export" time="0.419" /><testcase classname="backend.tests.test_yepez_api.TestPublicTracking" name="test_track_nonexistent_plate" time="0.122" /><testcase classname="backend.tests.test_yepez_api.TestPublicTracking" name="test_track_plate_format" time="0.097" /><testcase classname="backend.tests.test_yepez_api.TestAppointments" name="test_get_appointments" time="0.427" /></testsuite></testsuites>